[2020-04-28T22:03:12.529] [DEBUG] cheese - login => username:lisa,password:11111
[2020-04-28T22:03:12.531] [DEBUG] cheese - lisa
[2020-04-28T22:03:12.542] [DEBUG] cheese - null
[2020-04-28T22:03:12.542] [DEBUG] cheese - null
[2020-04-28T22:04:02.821] [DEBUG] cheese - login => username:admin,password:123456

[2020-04-28T22:04:02.821] [DEBUG] cheese - admin
[2020-04-28T22:04:02.833] [DEBUG] cheese - null
[2020-04-28T22:04:02.833] [DEBUG] cheese - null
[2020-04-28T22:04:11.892] [DEBUG] cheese - login => username:admin,password:123456
[2020-04-28T22:04:11.893] [DEBUG] cheese - admin
[2020-04-28T22:04:11.900] [DEBUG] cheese - null
[2020-04-28T22:04:11.900] [DEBUG] cheese - null
[2020-04-29T09:25:25.262] [DEBUG] cheese - login => username:in2344,password:123456
[2020-04-29T09:25:25.263] [DEBUG] cheese - in2344
[2020-04-29T09:25:25.287] [DEBUG] cheese - null
[2020-04-29T09:25:25.288] [DEBUG] cheese - null
[2020-04-29T09:25:29.485] [DEBUG] cheese - login => username:in2344,password:12345624
[2020-04-29T09:25:29.485] [DEBUG] cheese - in2344
[2020-04-29T09:25:29.489] [DEBUG] cheese - null
[2020-04-29T09:25:29.489] [DEBUG] cheese - null
[2020-04-29T09:25:36.042] [DEBUG] cheese - login => username:admin,password:123456
[2020-04-29T09:25:36.042] [DEBUG] cheese - admin
[2020-04-29T09:25:36.046] [DEBUG] cheese - null
[2020-04-29T09:25:36.047] [DEBUG] cheese - null
[2020-04-29T09:37:16.607] [DEBUG] cheese - login => username:admin,password:123456
[2020-04-29T09:37:16.607] [DEBUG] cheese - admin
[2020-04-29T09:37:16.610] [DEBUG] cheese - null
[2020-04-29T09:37:16.610] [DEBUG] cheese - null
[2020-04-29T09:45:07.947] [DEBUG] cheese - login => username:admin,password:123456
[2020-04-29T09:45:07.948] [DEBUG] cheese - admin
[2020-04-29T09:45:07.951] [DEBUG] cheese - null
[2020-04-29T09:45:07.951] [DEBUG] cheese - null
[2020-04-29T10:21:04.317] [DEBUG] cheese - login => username:admin,password:123456
[2020-04-29T10:21:04.317] [DEBUG] cheese - admin
[2020-04-29T10:21:04.321] [DEBUG] cheese - null
[2020-04-29T10:21:04.321] [DEBUG] cheese - null
[2020-04-29T10:26:59.395] [DEBUG] cheese - login => username:admin,password:123456
[2020-04-29T10:26:59.395] [DEBUG] cheese - admin
[2020-04-29T10:26:59.401] [DEBUG] cheese - null
[2020-04-29T10:26:59.401] [DEBUG] cheese - null
[2020-04-29T11:07:12.427] [DEBUG] cheese - login => username:admin,password:123456
[2020-04-29T11:07:12.428] [DEBUG] cheese - admin
[2020-04-29T11:07:12.435] [DEBUG] cheese - null
[2020-04-29T11:07:12.435] [DEBUG] cheese - null
[2020-04-29T13:25:28.644] [DEBUG] cheese - login => username:admin,password:123456
[2020-04-29T13:25:28.647] [DEBUG] cheese - admin
[2020-04-29T13:25:28.715] [DEBUG] cheese - null
[2020-04-29T13:25:28.715] [DEBUG] cheese - null
[2020-04-29T13:44:27.601] [DEBUG] cheese - login => username:admin,password:123456
[2020-04-29T13:44:27.601] [DEBUG] cheese - admin
[2020-04-29T13:44:27.604] [DEBUG] cheese - null
[2020-04-29T13:44:27.604] [DEBUG] cheese - null
[2020-04-29T13:46:37.862] [DEBUG] cheese - login => username:admin,password:123456
[2020-04-29T13:46:37.863] [DEBUG] cheese - admin
[2020-04-29T13:46:37.874] [DEBUG] cheese - null
[2020-04-29T13:46:37.874] [DEBUG] cheese - null
[2020-04-29T13:52:02.007] [DEBUG] cheese - login => username:admin,password:123456
[2020-04-29T13:52:02.007] [DEBUG] cheese - admin
[2020-04-29T13:52:02.019] [DEBUG] cheese - null
[2020-04-29T13:52:02.020] [DEBUG] cheese - null
[2020-04-29T13:56:48.070] [DEBUG] cheese - login => username:admin,password:123456
[2020-04-29T13:56:48.070] [DEBUG] cheese - admin
[2020-04-29T13:56:48.076] [DEBUG] cheese - null
[2020-04-29T13:56:48.076] [DEBUG] cheese - null
[2020-04-29T14:03:44.654] [DEBUG] cheese - login => username:admin,password:123456
[2020-04-29T14:03:44.654] [DEBUG] cheese - admin
[2020-04-29T14:03:44.781] [DEBUG] cheese - null
[2020-04-29T14:03:44.782] [DEBUG] cheese - null
[2020-04-29T14:09:41.561] [DEBUG] cheese - login => username:admin,password:123456
[2020-04-29T14:09:41.562] [DEBUG] cheese - admin
[2020-04-29T14:09:41.565] [DEBUG] cheese - null
[2020-04-29T14:09:41.565] [DEBUG] cheese - null
[2020-04-29T14:27:12.168] [DEBUG] cheese - login => username:admin,password:123456
[2020-04-29T14:27:12.168] [DEBUG] cheese - admin
[2020-04-29T14:27:12.171] [DEBUG] cheese - null
[2020-04-29T14:27:12.171] [DEBUG] cheese - null
[2020-04-29T16:58:48.911] [DEBUG] cheese - login => username:admin,password:123456
[2020-04-29T16:58:48.915] [DEBUG] cheese - admin
[2020-04-29T16:58:48.944] [DEBUG] cheese - null
[2020-04-29T16:58:48.945] [DEBUG] cheese - null
[2020-04-30T10:12:59.242] [DEBUG] cheese - login => username:admin,password:123456
[2020-04-30T10:12:59.243] [DEBUG] cheese - admin
[2020-04-30T10:12:59.262] [DEBUG] cheese - null
[2020-04-30T10:12:59.263] [DEBUG] cheese - null
[2020-04-30T11:40:16.898] [DEBUG] cheese - login => username:admin,password:123456
[2020-04-30T11:40:16.900] [DEBUG] cheese - admin
[2020-04-30T11:40:16.906] [DEBUG] cheese - null
[2020-04-30T11:40:16.906] [DEBUG] cheese - null
[2020-04-30T12:01:06.056] [DEBUG] cheese - login => username:admin,password:123456
[2020-04-30T12:01:06.056] [DEBUG] cheese - admin
[2020-04-30T12:01:06.062] [DEBUG] cheese - null
[2020-04-30T12:01:06.062] [DEBUG] cheese - null
[2020-04-30T12:21:16.643] [DEBUG] cheese - login => username:admin,password:123456
[2020-04-30T12:21:16.643] [DEBUG] cheese - admin
[2020-04-30T12:21:16.646] [DEBUG] cheese - null
[2020-04-30T12:21:16.647] [DEBUG] cheese - null
[2020-04-30T12:35:35.251] [DEBUG] cheese - login => username:admin,password:123456
[2020-04-30T12:35:35.252] [DEBUG] cheese - admin
[2020-04-30T12:35:35.257] [DEBUG] cheese - null
[2020-04-30T12:35:35.258] [DEBUG] cheese - null
[2020-05-01T02:22:32.570] [DEBUG] cheese - null
[2020-05-01T13:38:15.194] [DEBUG] cheese - login => username:admin,password:123456
[2020-05-01T13:38:15.197] [DEBUG] cheese - admin
[2020-05-01T13:38:15.233] [DEBUG] cheese - null
[2020-05-01T13:38:15.233] [DEBUG] cheese - null
[2020-05-01T20:09:42.682] [DEBUG] cheese - login => username:admin,password:123456
[2020-05-01T20:09:42.721] [DEBUG] cheese - admin
[2020-05-01T20:09:42.874] [DEBUG] cheese - null
[2020-05-01T20:09:42.879] [DEBUG] cheese - null
[2020-05-01T20:33:13.025] [DEBUG] cheese - login => username:admin,password:123456
[2020-05-01T20:33:13.031] [DEBUG] cheese - admin
[2020-05-01T20:33:13.070] [DEBUG] cheese - null
[2020-05-01T20:33:13.071] [DEBUG] cheese - null
[2020-05-02T10:29:28.027] [DEBUG] cheese - login => username:admin,password:123456
[2020-05-02T10:29:28.031] [DEBUG] cheese - admin
[2020-05-02T10:29:28.047] [DEBUG] cheese - null
[2020-05-02T10:29:28.047] [DEBUG] cheese - null
[2020-05-02T11:54:27.952] [DEBUG] cheese - login => username:admin,password:123456
[2020-05-02T11:54:27.953] [DEBUG] cheese - admin
[2020-05-02T11:54:27.956] [DEBUG] cheese - null
[2020-05-02T11:54:27.956] [DEBUG] cheese - null
[2020-05-02T12:24:55.264] [DEBUG] cheese - login => username:admin,password:123456
[2020-05-02T12:24:55.265] [DEBUG] cheese - admin
[2020-05-02T12:24:55.273] [DEBUG] cheese - null
[2020-05-02T12:24:55.274] [DEBUG] cheese - null
[2020-05-02T12:46:17.470] [DEBUG] cheese - login => username:admin,password:123456
[2020-05-02T12:46:17.471] [DEBUG] cheese - admin
[2020-05-02T12:46:17.475] [DEBUG] cheese - null
[2020-05-02T12:46:17.478] [DEBUG] cheese - null
[2020-05-19T12:29:42.166] [DEBUG] cheese - login => username:admin,password:123456
[2020-05-19T12:29:42.167] [DEBUG] cheese - admin
[2020-05-19T12:29:42.176] [DEBUG] cheese - null
[2020-05-19T12:29:42.176] [DEBUG] cheese - null
[2020-05-19T12:46:57.763] [DEBUG] cheese - login => username:admin,password:123456
[2020-05-19T12:46:57.764] [DEBUG] cheese - admin
[2020-05-19T12:46:57.776] [DEBUG] cheese - null
[2020-05-19T12:46:57.777] [DEBUG] cheese - null
[2020-05-24T09:13:27.753] [DEBUG] cheese - login => username:admin,password:123456
[2020-05-24T09:13:27.755] [DEBUG] cheese - admin
[2020-05-24T09:13:27.795] [DEBUG] cheese - null
[2020-05-24T09:13:27.796] [DEBUG] cheese - null
[2020-05-24T12:25:48.114] [DEBUG] cheese - login => username:admin,password:123456
[2020-05-24T12:25:48.118] [DEBUG] cheese - admin
[2020-05-24T12:25:48.156] [DEBUG] cheese - null
[2020-05-24T12:25:48.157] [DEBUG] cheese - null
[2020-05-26T16:42:17.804] [DEBUG] cheese - login => username:admin,password:123456
[2020-05-26T16:42:17.805] [DEBUG] cheese - admin
[2020-05-26T16:42:17.821] [DEBUG] cheese - null
[2020-05-26T16:42:17.822] [DEBUG] cheese - null
[2020-05-26T16:46:02.670] [DEBUG] cheese - login => username:admin,password:123456
[2020-05-26T16:46:02.671] [DEBUG] cheese - admin
[2020-05-26T16:46:02.675] [DEBUG] cheese - null
[2020-05-26T16:46:02.675] [DEBUG] cheese - null
[2020-05-26T16:50:12.484] [DEBUG] cheese - login => username:admin,password:123456
[2020-05-26T16:50:12.484] [DEBUG] cheese - admin
[2020-05-26T16:50:12.487] [DEBUG] cheese - null
[2020-05-26T16:50:12.487] [DEBUG] cheese - null
[2020-05-26T16:51:01.192] [DEBUG] cheese - login => username:admin,password:123456
[2020-05-26T16:51:01.192] [DEBUG] cheese - admin
[2020-05-26T16:51:01.196] [DEBUG] cheese - null
[2020-05-26T16:51:01.196] [DEBUG] cheese - null
[2020-05-26T16:51:58.991] [DEBUG] cheese - login => username:admin,password:123456
[2020-05-26T16:51:58.991] [DEBUG] cheese - admin
[2020-05-26T16:51:58.994] [DEBUG] cheese - null
[2020-05-26T16:51:58.994] [DEBUG] cheese - null
[2020-05-26T18:08:35.570] [DEBUG] cheese - login => username:admin,password:123456
[2020-05-26T18:08:35.571] [DEBUG] cheese - admin
[2020-05-26T18:08:35.576] [DEBUG] cheese - null
[2020-05-26T18:08:35.576] [DEBUG] cheese - null
[2020-05-26T18:13:24.496] [DEBUG] cheese - login => username:admin,password:123456
[2020-05-26T18:13:24.496] [DEBUG] cheese - admin
[2020-05-26T18:13:24.500] [DEBUG] cheese - null
[2020-05-26T18:13:24.500] [DEBUG] cheese - null
[2020-05-26T18:13:43.179] [DEBUG] cheese - login => username:admin,password:123456
[2020-05-26T18:13:43.179] [DEBUG] cheese - admin
[2020-05-26T18:13:43.184] [DEBUG] cheese - null
[2020-05-26T18:13:43.184] [DEBUG] cheese - null
[2020-05-26T18:30:14.931] [DEBUG] cheese - login => username:admin,password:123456
[2020-05-26T18:30:14.932] [DEBUG] cheese - admin
[2020-05-26T18:30:14.936] [DEBUG] cheese - null
[2020-05-26T18:30:14.936] [DEBUG] cheese - null
[2020-05-26T18:31:19.139] [DEBUG] cheese - login => username:admin,password:123456
[2020-05-26T18:31:19.139] [DEBUG] cheese - admin
[2020-05-26T18:31:19.142] [DEBUG] cheese - null
[2020-05-26T18:31:19.142] [DEBUG] cheese - null
[2020-05-26T18:36:42.096] [DEBUG] cheese - login => username:admin,password:123456
[2020-05-26T18:36:42.097] [DEBUG] cheese - admin
[2020-05-26T18:36:42.100] [DEBUG] cheese - null
[2020-05-26T18:36:42.100] [DEBUG] cheese - null
[2020-05-26T18:40:06.170] [DEBUG] cheese - login => username:admin,password:123456
[2020-05-26T18:40:06.170] [DEBUG] cheese - admin
[2020-05-26T18:40:06.173] [DEBUG] cheese - null
[2020-05-26T18:40:06.173] [DEBUG] cheese - null
[2020-05-26T18:40:18.052] [DEBUG] cheese - login => username:admin,password:123456
[2020-05-26T18:40:18.052] [DEBUG] cheese - admin
[2020-05-26T18:40:18.056] [DEBUG] cheese - null
[2020-05-26T18:40:18.056] [DEBUG] cheese - null
[2020-05-26T18:47:56.679] [DEBUG] cheese - login => username:admin,password:123456
[2020-05-26T18:47:56.679] [DEBUG] cheese - admin
[2020-05-26T18:47:56.683] [DEBUG] cheese - null
[2020-05-26T18:47:56.683] [DEBUG] cheese - null
[2020-05-26T18:48:23.599] [DEBUG] cheese - login => username:admin,password:123456
[2020-05-26T18:48:23.599] [DEBUG] cheese - admin
[2020-05-26T18:48:23.602] [DEBUG] cheese - null
[2020-05-26T18:48:23.602] [DEBUG] cheese - null
[2020-05-26T18:48:58.076] [DEBUG] cheese - login => username:admin,password:123456
[2020-05-26T18:48:58.076] [DEBUG] cheese - admin
[2020-05-26T18:48:58.079] [DEBUG] cheese - null
[2020-05-26T18:48:58.079] [DEBUG] cheese - null
[2020-05-26T18:49:10.391] [DEBUG] cheese - login => username:admin,password:123456
[2020-05-26T18:49:10.391] [DEBUG] cheese - admin
[2020-05-26T18:49:10.394] [DEBUG] cheese - null
[2020-05-26T18:49:10.394] [DEBUG] cheese - null
[2020-05-26T18:49:16.960] [DEBUG] cheese - login => username:admin,password:123456
[2020-05-26T18:49:16.960] [DEBUG] cheese - admin
[2020-05-26T18:49:16.964] [DEBUG] cheese - null
[2020-05-26T18:49:16.964] [DEBUG] cheese - null
[2020-05-26T18:49:45.214] [DEBUG] cheese - login => username:admin,password:123456
[2020-05-26T18:49:45.214] [DEBUG] cheese - admin
[2020-05-26T18:49:45.217] [DEBUG] cheese - null
[2020-05-26T18:49:45.217] [DEBUG] cheese - null
[2020-05-26T18:50:01.029] [DEBUG] cheese - login => username:admin,password:123456
[2020-05-26T18:50:01.029] [DEBUG] cheese - admin
[2020-05-26T18:50:01.031] [DEBUG] cheese - null
[2020-05-26T18:50:01.031] [DEBUG] cheese - null
[2020-05-26T18:50:15.918] [DEBUG] cheese - login => username:admin,password:123456
[2020-05-26T18:50:15.918] [DEBUG] cheese - admin
[2020-05-26T18:50:15.920] [DEBUG] cheese - null
[2020-05-26T18:50:15.920] [DEBUG] cheese - null
[2020-05-26T18:51:32.221] [DEBUG] cheese - login => username:admin,password:123456
[2020-05-26T18:51:32.221] [DEBUG] cheese - admin
[2020-05-26T18:51:32.223] [DEBUG] cheese - null
[2020-05-26T18:51:32.223] [DEBUG] cheese - null
[2020-05-26T18:55:48.646] [DEBUG] cheese - login => username:admin,password:123456
[2020-05-26T18:55:48.646] [DEBUG] cheese - admin
[2020-05-26T18:55:48.649] [DEBUG] cheese - null
[2020-05-26T18:55:48.649] [DEBUG] cheese - null
[2020-05-26T18:58:15.043] [DEBUG] cheese - login => username:admin,password:123456
[2020-05-26T18:58:15.043] [DEBUG] cheese - admin
[2020-05-26T18:58:15.046] [DEBUG] cheese - null
[2020-05-26T18:58:15.046] [DEBUG] cheese - null
[2020-05-26T19:02:17.823] [DEBUG] cheese - login => username:admin,password:123456
[2020-05-26T19:02:17.823] [DEBUG] cheese - admin
[2020-05-26T19:02:17.826] [DEBUG] cheese - null
[2020-05-26T19:02:17.826] [DEBUG] cheese - null
[2020-05-26T19:10:57.808] [DEBUG] cheese - login => username:admin,password:123456
[2020-05-26T19:10:57.809] [DEBUG] cheese - admin
[2020-05-26T19:10:57.812] [DEBUG] cheese - null
[2020-05-26T19:10:57.812] [DEBUG] cheese - null
[2020-05-26T19:11:11.293] [DEBUG] cheese - login => username:admin,password:123456
[2020-05-26T19:11:11.293] [DEBUG] cheese - admin
[2020-05-26T19:11:11.297] [DEBUG] cheese - null
[2020-05-26T19:11:11.297] [DEBUG] cheese - null
[2020-05-26T19:11:26.729] [DEBUG] cheese - login => username:admin,password:123456
[2020-05-26T19:11:26.729] [DEBUG] cheese - admin
[2020-05-26T19:11:26.732] [DEBUG] cheese - null
[2020-05-26T19:11:26.732] [DEBUG] cheese - null
[2020-05-26T19:14:16.416] [DEBUG] cheese - login => username:admin,password:123456
[2020-05-26T19:14:16.417] [DEBUG] cheese - admin
[2020-05-26T19:14:16.421] [DEBUG] cheese - null
[2020-05-26T19:14:16.421] [DEBUG] cheese - null
[2020-05-26T19:16:02.407] [DEBUG] cheese - login => username:admin,password:123456
[2020-05-26T19:16:02.407] [DEBUG] cheese - admin
[2020-05-26T19:16:02.409] [DEBUG] cheese - null
[2020-05-26T19:16:02.409] [DEBUG] cheese - null
[2020-05-26T19:18:57.407] [DEBUG] cheese - login => username:admin,password:123456
[2020-05-26T19:18:57.407] [DEBUG] cheese - admin
[2020-05-26T19:18:57.410] [DEBUG] cheese - null
[2020-05-26T19:18:57.410] [DEBUG] cheese - null
[2020-05-26T19:19:11.943] [DEBUG] cheese - login => username:admin,password:123456
[2020-05-26T19:19:11.943] [DEBUG] cheese - admin
[2020-05-26T19:19:11.945] [DEBUG] cheese - null
[2020-05-26T19:19:11.945] [DEBUG] cheese - null
[2020-05-26T19:19:30.317] [DEBUG] cheese - login => username:admin,password:123456
[2020-05-26T19:19:30.317] [DEBUG] cheese - admin
[2020-05-26T19:19:30.324] [DEBUG] cheese - null
[2020-05-26T19:19:30.324] [DEBUG] cheese - null
[2020-05-26T19:21:49.920] [DEBUG] cheese - login => username:admin,password:123456
[2020-05-26T19:21:49.920] [DEBUG] cheese - admin
[2020-05-26T19:21:49.924] [DEBUG] cheese - null
[2020-05-26T19:21:49.924] [DEBUG] cheese - null
[2020-05-26T19:23:01.805] [DEBUG] cheese - login => username:admin,password:123456
[2020-05-26T19:23:01.805] [DEBUG] cheese - admin
[2020-05-26T19:23:01.809] [DEBUG] cheese - null
[2020-05-26T19:23:01.809] [DEBUG] cheese - null
[2020-05-26T19:24:16.625] [DEBUG] cheese - login => username:admin,password:123456
[2020-05-26T19:24:16.625] [DEBUG] cheese - admin
[2020-05-26T19:24:16.629] [DEBUG] cheese - null
[2020-05-26T19:24:16.629] [DEBUG] cheese - null
[2020-05-26T19:26:32.694] [DEBUG] cheese - login => username:admin,password:123456
[2020-05-26T19:26:32.694] [DEBUG] cheese - admin
[2020-05-26T19:26:32.698] [DEBUG] cheese - null
[2020-05-26T19:26:32.699] [DEBUG] cheese - null
[2020-05-26T19:28:05.204] [DEBUG] cheese - login => username:admin,password:123456
[2020-05-26T19:28:05.204] [DEBUG] cheese - admin
[2020-05-26T19:28:05.206] [DEBUG] cheese - null
[2020-05-26T19:28:05.206] [DEBUG] cheese - null
[2020-05-26T19:35:06.767] [DEBUG] cheese - login => username:admin,password:123456
[2020-05-26T19:35:06.767] [DEBUG] cheese - admin
[2020-05-26T19:35:06.771] [DEBUG] cheese - null
[2020-05-26T19:35:06.771] [DEBUG] cheese - null
[2020-05-26T19:35:20.516] [DEBUG] cheese - login => username:admin,password:123456
[2020-05-26T19:35:20.516] [DEBUG] cheese - admin
[2020-05-26T19:35:20.523] [DEBUG] cheese - null
[2020-05-26T19:35:20.524] [DEBUG] cheese - null
[2020-05-26T19:39:03.368] [DEBUG] cheese - login => username:admin,password:123456
[2020-05-26T19:39:03.368] [DEBUG] cheese - admin
[2020-05-26T19:39:03.371] [DEBUG] cheese - null
[2020-05-26T19:39:03.371] [DEBUG] cheese - null
[2020-05-26T19:58:24.559] [DEBUG] cheese - login => username:admin,password:123456
[2020-05-26T19:58:24.559] [DEBUG] cheese - admin
[2020-05-26T19:58:24.563] [DEBUG] cheese - null
[2020-05-26T19:58:24.563] [DEBUG] cheese - null
[2020-05-26T19:59:24.060] [DEBUG] cheese - login => username:admin,password:123456
[2020-05-26T19:59:24.060] [DEBUG] cheese - admin
[2020-05-26T19:59:24.066] [DEBUG] cheese - null
[2020-05-26T19:59:24.066] [DEBUG] cheese - null
[2020-05-26T20:02:49.199] [DEBUG] cheese - login => username:admin,password:123456
[2020-05-26T20:02:49.200] [DEBUG] cheese - admin
[2020-05-26T20:02:49.204] [DEBUG] cheese - null
[2020-05-26T20:02:49.204] [DEBUG] cheese - null
[2020-05-26T20:03:26.988] [DEBUG] cheese - login => username:admin,password:123456
[2020-05-26T20:03:26.988] [DEBUG] cheese - admin
[2020-05-26T20:03:26.993] [DEBUG] cheese - null
[2020-05-26T20:03:26.993] [DEBUG] cheese - null
[2020-05-26T20:09:41.535] [DEBUG] cheese - login => username:admin,password:123456
[2020-05-26T20:09:41.535] [DEBUG] cheese - admin
[2020-05-26T20:09:41.543] [DEBUG] cheese - null
[2020-05-26T20:09:41.543] [DEBUG] cheese - null
[2020-05-26T20:17:23.826] [DEBUG] cheese - login => username:admin,password:123456
[2020-05-26T20:17:23.826] [DEBUG] cheese - admin
[2020-05-26T20:17:23.830] [DEBUG] cheese - null
[2020-05-26T20:17:23.831] [DEBUG] cheese - null
[2020-05-26T20:17:34.623] [DEBUG] cheese - login => username:admin,password:123456
[2020-05-26T20:17:34.623] [DEBUG] cheese - admin
[2020-05-26T20:17:34.626] [DEBUG] cheese - null
[2020-05-26T20:17:34.626] [DEBUG] cheese - null
[2020-05-26T20:29:23.758] [DEBUG] cheese - login => username:admin,password:123456
[2020-05-26T20:29:23.758] [DEBUG] cheese - admin
[2020-05-26T20:29:23.763] [DEBUG] cheese - null
[2020-05-26T20:29:23.763] [DEBUG] cheese - null
[2020-05-26T20:41:27.654] [DEBUG] cheese - login => username:admin,password:123456
[2020-05-26T20:41:27.654] [DEBUG] cheese - admin
[2020-05-26T20:41:27.658] [DEBUG] cheese - null
[2020-05-26T20:41:27.658] [DEBUG] cheese - null
[2020-05-26T22:10:23.697] [DEBUG] cheese - login => username:admin,password:123456
[2020-05-26T22:10:23.698] [DEBUG] cheese - admin
[2020-05-26T22:10:23.717] [DEBUG] cheese - null
[2020-05-26T22:10:23.717] [DEBUG] cheese - null
[2020-05-26T22:10:53.096] [DEBUG] cheese - login => username:admin,password:123456
[2020-05-26T22:10:53.096] [DEBUG] cheese - admin
[2020-05-26T22:10:53.100] [DEBUG] cheese - null
[2020-05-26T22:10:53.101] [DEBUG] cheese - null
[2020-05-26T22:13:30.473] [DEBUG] cheese - login => username:admin,password:123456
[2020-05-26T22:13:30.473] [DEBUG] cheese - admin
[2020-05-26T22:13:30.477] [DEBUG] cheese - null
[2020-05-26T22:13:30.477] [DEBUG] cheese - null
[2020-05-26T22:14:20.748] [DEBUG] cheese - login => username:admin,password:123456
[2020-05-26T22:14:20.748] [DEBUG] cheese - admin
[2020-05-26T22:14:20.754] [DEBUG] cheese - null
[2020-05-26T22:14:20.754] [DEBUG] cheese - null
[2020-05-26T22:15:45.995] [DEBUG] cheese - login => username:admin,password:123456
[2020-05-26T22:15:45.995] [DEBUG] cheese - admin
[2020-05-26T22:15:45.998] [DEBUG] cheese - null
[2020-05-26T22:15:45.998] [DEBUG] cheese - null
[2020-05-26T22:15:58.335] [DEBUG] cheese - login => username:admin,password:123456
[2020-05-26T22:15:58.336] [DEBUG] cheese - admin
[2020-05-26T22:15:58.341] [DEBUG] cheese - null
[2020-05-26T22:15:58.341] [DEBUG] cheese - null
[2020-05-26T22:19:33.778] [DEBUG] cheese - login => username:admin,password:123456
[2020-05-26T22:19:33.779] [DEBUG] cheese - admin
[2020-05-26T22:19:33.784] [DEBUG] cheese - null
[2020-05-26T22:19:33.784] [DEBUG] cheese - null
[2020-05-26T22:20:12.954] [DEBUG] cheese - login => username:admin,password:123456
[2020-05-26T22:20:12.955] [DEBUG] cheese - admin
[2020-05-26T22:20:12.959] [DEBUG] cheese - null
[2020-05-26T22:20:12.959] [DEBUG] cheese - null
[2020-05-26T22:27:28.319] [DEBUG] cheese - login => username:admin,password:123456
[2020-05-26T22:27:28.320] [DEBUG] cheese - admin
[2020-05-26T22:27:28.325] [DEBUG] cheese - null
[2020-05-26T22:27:28.325] [DEBUG] cheese - null
[2020-05-26T22:28:03.908] [DEBUG] cheese - login => username:admin,password:123456
[2020-05-26T22:28:03.908] [DEBUG] cheese - admin
[2020-05-26T22:28:03.912] [DEBUG] cheese - null
[2020-05-26T22:28:03.912] [DEBUG] cheese - null
[2020-05-26T22:28:54.419] [DEBUG] cheese - login => username:admin,password:123456
[2020-05-26T22:28:54.420] [DEBUG] cheese - admin
[2020-05-26T22:28:54.425] [DEBUG] cheese - null
[2020-05-26T22:28:54.425] [DEBUG] cheese - null
[2020-05-26T22:29:25.293] [DEBUG] cheese - login => username:admin,password:123456
[2020-05-26T22:29:25.293] [DEBUG] cheese - admin
[2020-05-26T22:29:25.300] [DEBUG] cheese - null
[2020-05-26T22:29:25.300] [DEBUG] cheese - null
[2020-05-26T22:33:14.208] [DEBUG] cheese - login => username:admin,password:123456
[2020-05-26T22:33:14.209] [DEBUG] cheese - admin
[2020-05-26T22:33:14.212] [DEBUG] cheese - null
[2020-05-26T22:33:14.212] [DEBUG] cheese - null
[2020-05-26T22:33:49.451] [DEBUG] cheese - login => username:admin,password:123456
[2020-05-26T22:33:49.451] [DEBUG] cheese - admin
[2020-05-26T22:33:49.456] [DEBUG] cheese - null
[2020-05-26T22:33:49.456] [DEBUG] cheese - null
[2020-05-26T22:46:28.022] [DEBUG] cheese - login => username:admin,password:123456
[2020-05-26T22:46:28.022] [DEBUG] cheese - admin
[2020-05-26T22:46:28.026] [DEBUG] cheese - null
[2020-05-26T22:46:28.026] [DEBUG] cheese - null
[2020-05-26T22:47:19.698] [DEBUG] cheese - login => username:admin,password:123456
[2020-05-26T22:47:19.698] [DEBUG] cheese - admin
[2020-05-26T22:47:19.701] [DEBUG] cheese - null
[2020-05-26T22:47:19.701] [DEBUG] cheese - null
[2020-05-26T22:47:38.768] [DEBUG] cheese - login => username:admin,password:123456
[2020-05-26T22:47:38.768] [DEBUG] cheese - admin
[2020-05-26T22:47:38.771] [DEBUG] cheese - null
[2020-05-26T22:47:38.771] [DEBUG] cheese - null
[2020-05-26T22:51:39.878] [DEBUG] cheese - login => username:admin,password:123456
[2020-05-26T22:51:39.878] [DEBUG] cheese - admin
[2020-05-26T22:51:39.881] [DEBUG] cheese - null
[2020-05-26T22:51:39.881] [DEBUG] cheese - null
[2020-05-26T22:54:10.689] [DEBUG] cheese - login => username:admin,password:123456
[2020-05-26T22:54:10.689] [DEBUG] cheese - admin
[2020-05-26T22:54:10.693] [DEBUG] cheese - null
[2020-05-26T22:54:10.693] [DEBUG] cheese - null
[2020-05-26T22:55:27.896] [DEBUG] cheese - login => username:admin,password:123456
[2020-05-26T22:55:27.896] [DEBUG] cheese - admin
[2020-05-26T22:55:27.899] [DEBUG] cheese - null
[2020-05-26T22:55:27.899] [DEBUG] cheese - null
[2020-05-26T22:56:46.455] [DEBUG] cheese - login => username:admin,password:123456
[2020-05-26T22:56:46.455] [DEBUG] cheese - admin
[2020-05-26T22:56:46.458] [DEBUG] cheese - null
[2020-05-26T22:56:46.459] [DEBUG] cheese - null
[2020-05-26T23:04:06.578] [DEBUG] cheese - login => username:admin,password:123456
[2020-05-26T23:04:06.578] [DEBUG] cheese - admin
[2020-05-26T23:04:06.584] [DEBUG] cheese - null
[2020-05-26T23:04:06.584] [DEBUG] cheese - null
[2020-05-26T23:04:29.271] [DEBUG] cheese - login => username:admin,password:123456
[2020-05-26T23:04:29.271] [DEBUG] cheese - admin
[2020-05-26T23:04:29.275] [DEBUG] cheese - null
[2020-05-26T23:04:29.275] [DEBUG] cheese - null
[2020-05-26T23:05:29.867] [DEBUG] cheese - login => username:admin,password:123456
[2020-05-26T23:05:29.867] [DEBUG] cheese - admin
[2020-05-26T23:05:29.871] [DEBUG] cheese - null
[2020-05-26T23:05:29.871] [DEBUG] cheese - null
[2020-05-26T23:06:01.934] [DEBUG] cheese - login => username:admin,password:123456
[2020-05-26T23:06:01.934] [DEBUG] cheese - admin
[2020-05-26T23:06:01.937] [DEBUG] cheese - null
[2020-05-26T23:06:01.937] [DEBUG] cheese - null
[2020-05-26T23:06:20.175] [DEBUG] cheese - login => username:admin,password:123456
[2020-05-26T23:06:20.175] [DEBUG] cheese - admin
[2020-05-26T23:06:20.180] [DEBUG] cheese - null
[2020-05-26T23:06:20.180] [DEBUG] cheese - null
[2020-05-26T23:10:29.676] [DEBUG] cheese - login => username:admin,password:123456
[2020-05-26T23:10:29.676] [DEBUG] cheese - admin
[2020-05-26T23:10:29.679] [DEBUG] cheese - null
[2020-05-26T23:10:29.679] [DEBUG] cheese - null
[2020-05-26T23:21:15.454] [DEBUG] cheese - login => username:admin,password:123456
[2020-05-26T23:21:15.454] [DEBUG] cheese - admin
[2020-05-26T23:21:15.458] [DEBUG] cheese - null
[2020-05-26T23:21:15.458] [DEBUG] cheese - null
[2020-05-26T23:21:34.151] [DEBUG] cheese - login => username:admin,password:123456
[2020-05-26T23:21:34.151] [DEBUG] cheese - admin
[2020-05-26T23:21:34.156] [DEBUG] cheese - null
[2020-05-26T23:21:34.156] [DEBUG] cheese - null
[2020-05-26T23:24:35.934] [DEBUG] cheese - login => username:admin,password:123456
[2020-05-26T23:24:35.934] [DEBUG] cheese - admin
[2020-05-26T23:24:35.937] [DEBUG] cheese - null
[2020-05-26T23:24:35.937] [DEBUG] cheese - null
[2020-05-26T23:24:52.695] [DEBUG] cheese - login => username:admin,password:123456
[2020-05-26T23:24:52.696] [DEBUG] cheese - admin
[2020-05-26T23:24:52.700] [DEBUG] cheese - null
[2020-05-26T23:24:52.700] [DEBUG] cheese - null
[2020-05-26T23:25:40.222] [DEBUG] cheese - login => username:admin,password:123456
[2020-05-26T23:25:40.222] [DEBUG] cheese - admin
[2020-05-26T23:25:40.225] [DEBUG] cheese - null
[2020-05-26T23:25:40.225] [DEBUG] cheese - null
[2020-05-26T23:26:01.756] [DEBUG] cheese - login => username:admin,password:123456
[2020-05-26T23:26:01.756] [DEBUG] cheese - admin
[2020-05-26T23:26:01.760] [DEBUG] cheese - null
[2020-05-26T23:26:01.760] [DEBUG] cheese - null
[2020-05-26T23:28:20.921] [DEBUG] cheese - login => username:admin,password:123456
[2020-05-26T23:28:20.922] [DEBUG] cheese - admin
[2020-05-26T23:28:20.926] [DEBUG] cheese - null
[2020-05-26T23:28:20.926] [DEBUG] cheese - null
[2020-05-26T23:29:12.817] [DEBUG] cheese - login => username:admin,password:123456
[2020-05-26T23:29:12.817] [DEBUG] cheese - admin
[2020-05-26T23:29:12.821] [DEBUG] cheese - null
[2020-05-26T23:29:12.821] [DEBUG] cheese - null
